<?xml version="1.0" encoding="UTF-8"?>
<testsuite name="BasicStatisticTest" tests="6" skipped="0" failures="0" errors="0" timestamp="2019-11-28T23:25:38" hostname="DESKTOP-558HB3V" time="0.005">
  <properties/>
  <testcase name="nrOfItems_AfterClearingData_IsZero" classname="BasicStatisticTest" time="0.003"/>
  <testcase name="nrOfItems_WhenNoneArePresent_IsZero" classname="BasicStatisticTest" time="0.0"/>
  <testcase name="nrOfItems_AfterAddingItems_IsIncreasedWithSameNrOfItems" classname="BasicStatisticTest" time="0.0"/>
  <testcase name="nrOfItems_AfterAdding_IsNotZero" classname="BasicStatisticTest" time="0.0"/>
  <testcase name="sumOfItems_AfterAddingAndCalculating_IsCorrect" classname="BasicStatisticTest" time="0.0"/>
  <testcase name="sumOfItems_WithNoItemAdded_IsZero" classname="BasicStatisticTest" time="0.001"/>
  <system-out><![CDATA[]]></system-out>
  <system-err><![CDATA[]]></system-err>
</testsuite>
